\BOOKMARK [0][-]{chapter*.2}{\376\377\000A\000g\000r\000a\000d\000e\000c\000i\000m\000i\000e\000n\000t\000o\000s}{}% 1
\BOOKMARK [0][-]{chapter*.3}{\376\377\000L\000i\000s\000t\000a\000d\000o\000\040\000d\000e\000\040\000s\000\355\000m\000b\000o\000l\000o\000s\000\040\000y\000\040\000a\000b\000r\000e\000v\000i\000a\000t\000u\000r\000a\000s}{}% 2
\BOOKMARK [0][-]{chapter*.4}{\376\377\000R\000e\000s\000u\000m\000e\000n}{}% 3
\BOOKMARK [0][-]{chapter*.5}{\376\377\000A\000b\000s\000t\000r\000a\000c\000t}{}% 4
\BOOKMARK [0][-]{chapter*.6}{\376\377\000T\000a\000b\000l\000e\000\040\000o\000f\000\040\000c\000o\000n\000t\000e\000n\000t\000s}{}% 5
\BOOKMARK [0][-]{chapter*.7}{\376\377\000L\000i\000s\000t\000\040\000o\000f\000\040\000F\000i\000g\000u\000r\000e\000s}{}% 6
\BOOKMARK [0][-]{chapter*.8}{\376\377\000L\000i\000s\000t\000\040\000o\000f\000\040\000T\000a\000b\000l\000e\000s}{}% 7
\BOOKMARK [0][-]{chapter.1}{\376\377\000I\000n\000t\000r\000o\000d\000u\000c\000t\000i\000o\000n}{}% 8
\BOOKMARK [0][-]{chapter.2}{\376\377\000G\000o\000a\000l\000s}{}% 9
\BOOKMARK [0][-]{chapter.3}{\376\377\000E\000l\000e\000c\000t\000r\000o\000n\000i\000c\000s}{}% 10
\BOOKMARK [1][-]{section.3.1}{\376\377\000G\000e\000n\000e\000r\000a\000l\000i\000t\000i\000e\000s}{chapter.3}% 11
\BOOKMARK [1][-]{section.3.2}{\376\377\000A\000m\000p\000l\000i\000f\000i\000c\000a\000t\000o\000r}{chapter.3}% 12
\BOOKMARK [1][-]{section.3.3}{\376\377\000P\000e\000a\000k\000\040\000D\000e\000t\000e\000c\000t\000o\000r}{chapter.3}% 13
\BOOKMARK [1][-]{section.3.4}{\376\377\000T\000r\000i\000g\000g\000e\000r}{chapter.3}% 14
\BOOKMARK [0][-]{chapter.4}{\376\377\000G\000a\000m\000m\000a\000\040\000S\000p\000e\000c\000t\000r\000o\000s\000c\000o\000p\000y}{}% 15
\BOOKMARK [1][-]{section.4.1}{\376\377\000G\000e\000n\000e\000r\000a\000l\000i\000t\000i\000e\000s}{chapter.4}% 16
\BOOKMARK [2][-]{subsection.4.1.1}{\376\377\000G\000a\000m\000m\000a\000\040\000S\000o\000u\000r\000c\000e\000s}{section.4.1}% 17
\BOOKMARK [1][-]{section.4.2}{\376\377\000S\000c\000i\000n\000t\000i\000l\000l\000a\000t\000i\000o\000n}{chapter.4}% 18
\BOOKMARK [0][-]{appendix.Alph1}{\376\377\000A\000p\000p\000e\000n\000d\000i\000x\000\040\0001}{}% 19
\BOOKMARK [0][-]{appendix.Alph1}{\376\377\000R\000e\000f\000e\000r\000e\000n\000c\000e\000s}{}% 20
